<?xml version="1.0" encoding="UTF-8"?>
<testsuites tests="4" failures="1" errors="0" skipped="0">
  <testsuite name="test advanced command" timestamp="2024-10-15T10:37:42" time="11.361" tests="4" failures="1" errors="0" skipped="0">
    <properties>
      <property name="specId" value="0"/>
      <property name="suiteName" value="test_advanced_command"/>
      <property name="capabilities" value="firefox.133_0a1.windows"/>
      <property name="file" value="file:///E:/epam_training/webdriver/test_advanced_commands/specs/test_advanced_commands.spec.js"/>
    </properties>
    <testcase classname="firefox.133_0a1.windows.test_advanced_command" name="should get the page title using execute" time="5.055">
      <system-out><![CDATA[
COMMAND: GET /session/6866dadf-b41b-4538-99d0-d380ef9b4af6/window - {}
RESULT: {}
COMMAND: GET /session/6866dadf-b41b-4538-99d0-d380ef9b4af6/window - {}
RESULT: {}
COMMAND: GET /session/6866dadf-b41b-4538-99d0-d380ef9b4af6/window - {}
RESULT: {}
]]></system-out>
    </testcase>
    <testcase classname="firefox.133_0a1.windows.test_advanced_command" name="should wait until the Investors button is displayed" time="2.89">
      <system-out><![CDATA[
COMMAND: GET /session/6866dadf-b41b-4538-99d0-d380ef9b4af6/window - {}
RESULT: {}
]]></system-out>
    </testcase>
    <testcase classname="firefox.133_0a1.windows.test_advanced_command" name="should perform browser actions like scrolling and hovering" time="0.75">
      <failure message="WebDriver Bidi command &quot;browsingContext.navigate&quot; failed with error: unknown error - Error: NS_BINDING_ABORTED"/>
      <system-out><![CDATA[
COMMAND: GET /session/6866dadf-b41b-4538-99d0-d380ef9b4af6/window - {}
RESULT: {}
COMMAND: GET /session/6866dadf-b41b-4538-99d0-d380ef9b4af6/screenshot - {}
COMMAND: GET /session/6866dadf-b41b-4538-99d0-d380ef9b4af6/window - {}
RESULT: {}
RESULT: {}
]]></system-out>
      <system-err><![CDATA[
Error: WebDriver Bidi command "browsingContext.navigate" failed with error: unknown error - Error: NS_BINDING_ABORTED
    at BidiHandler.send (E:\epam_training\webdriver\node_modules\webdriver\build\index.js:141:23)
    at BidiHandler.browsingContextNavigate (E:\epam_training\webdriver\node_modules\webdriver\build\index.js:409:31)
    at Browser.wrapCommandFn (E:\epam_training\webdriver\node_modules\@wdio\utils\build\index.js:1368:32)
    at async Browser.url3 (E:\epam_training\webdriver\node_modules\@wdio\runner\node_modules\webdriverio\build\index.js:4450:5)
    at async Browser.wrapCommandFn (E:\epam_training\webdriver\node_modules\@wdio\utils\build\index.js:1368:23)
    at async Context.<anonymous> (E:\epam_training\webdriver\test_advanced_commands\specs\test_advanced_commands.spec.js:35:9)
    at async Context.executeAsync (E:\epam_training\webdriver\node_modules\@wdio\utils\build\index.js:1488:20)
    at async Context.testFrameworkFnWrapper (E:\epam_training\webdriver\node_modules\@wdio\utils\build\index.js:1559:14)

Driver Stack:
    at #checkLoadingState@chrome://remote/content/shared/Navigate.sys.mjs:327:28
    at onStateChange@chrome://remote/content/shared/Navigate.sys.mjs:422:28
]]></system-err>
    </testcase>
    <testcase classname="firefox.133_0a1.windows.test_advanced_command" name="should set and get a cookie using execute" time="2.645">
      <system-out><![CDATA[
COMMAND: GET /session/6866dadf-b41b-4538-99d0-d380ef9b4af6/window - {}
RESULT: {}
COMMAND: GET /session/6866dadf-b41b-4538-99d0-d380ef9b4af6/window - {}
RESULT: {}
COMMAND: GET /session/6866dadf-b41b-4538-99d0-d380ef9b4af6/window - {}
RESULT: {}
COMMAND: DELETE /session/6866dadf-b41b-4538-99d0-d380ef9b4af6 - {}
RESULT: {}
]]></system-out>
    </testcase>
  </testsuite>
</testsuites>